<?xml version="1.0" encoding="UTF-8"?>
<!-- Generated by org.testng.reporters.JUnitXMLReporter -->
<testsuite ignored="0" hostname="DESKTOP-2A9CD8J" failures="2" tests="17" name="Test" time="32.98" errors="0" timestamp="2021-10-08T09:10:11 IST">
  <testcase classname="com.Demotests.Demo1" name="logotest01" time="0.311"/>
  <testcase classname="com.Demotests.Demo1" name="loginJBKtest02" time="0.13">
    <skipped/>
  </testcase> <!-- loginJBKtest02 -->
  <testcase classname="com.Demotests.Demo1" name="loginJBKtest02" time="0.022">
    <skipped/>
  </testcase> <!-- loginJBKtest02 -->
  <testcase classname="com.Demotests.Demo1" name="loginJBKtest02" time="0.021">
    <skipped/>
  </testcase> <!-- loginJBKtest02 -->
  <testcase classname="com.Demotests.Demo1" name="loginJBKtest02" time="0.013">
    <failure type="java.lang.AssertionError" message="expected [JavaByKiran | User] but found [JavaByKiran | Dashboard]">
      <![CDATA[java.lang.AssertionError: expected [JavaByKiran | User] but found [JavaByKiran | Dashboard]
at com.Demotests.Demo1.loginJBKtest02(Demo1.java:48)
at java.base/java.util.ArrayList.forEach(ArrayList.java:1511)
... Removed 33 stack frames]]>
    </failure>
  </testcase> <!-- loginJBKtest02 -->
  <testcase classname="com.Demotests.Demo1" name="openSelenium_pdf_test03" time="0.632"/>
  <testcase classname="com.Demotests.Demo1" name="openPHP_pdf_test04" time="0.42"/>
  <testcase classname="com.Demotests.Demo1" name="openPython_pdf_test05" time="0.447"/>
  <testcase classname="com.Demotests.Demo1" name="openJ2EE_pdf_test06" time="0.194"/>
  <testcase classname="com.Demotests.Demo1" name="getHeaderTitle_test07" time="0.326"/>
  <testcase classname="com.Demotests.Demo1" name="verifyText_test10" time="0.091"/>
  <testcase classname="com.Demotests.Demo1" name="gettableData_test11" time="1.16"/>
  <testcase classname="com.Demotests.Demo1" name="addusertest_test13" time="5.677"/>
  <testcase classname="com.Demotests.Demo1" name="courseName_test14" time="0.668">
    <skipped/>
  </testcase> <!-- courseName_test14 -->
  <testcase classname="com.Demotests.Demo1" name="courseName_test14" time="0.086">
    <skipped/>
  </testcase> <!-- courseName_test14 -->
  <testcase classname="com.Demotests.Demo1" name="courseName_test14" time="0.084">
    <skipped/>
  </testcase> <!-- courseName_test14 -->
  <testcase classname="com.Demotests.Demo1" name="courseName_test14" time="0.091">
    <failure type="java.lang.AssertionError" message="lists don&amp;apos;t have the same size expected [4] but found [5]">
      <![CDATA[java.lang.AssertionError: lists don't have the same size expected [4] but found [5]
at com.Demotests.Demo1.courseName_test14(Demo1.java:129)
at java.base/java.util.ArrayList.forEach(ArrayList.java:1511)
... Removed 34 stack frames]]>
    </failure>
  </testcase> <!-- courseName_test14 -->
</testsuite> <!-- Test -->
